Build started 16/11/2015 15:08:34.
     1>Project "C:\Users\DEMO\documents\visual studio 2015\Projects\shading\shading\shading.vcxproj" on node 2 (Build target(s)).
     1>ClCompile:
         C:\Program Files (x86)\Microsoft Visual Studio 14.0\VC\bin\x86_amd64\CL.exe /c /I"C:\Users\DEMO\Documents\Visual Studio 2015\Projects\shading\glew-1.13.0\include" /I"C:\Users\DEMO\Documents\Visual Studio 2015\Projects\shading\glm-0.9.7.1\glm" /I"C:\Users\DEMO\Documents\Visual Studio 2015\Projects\shading\glfw-3.1.2.bin.WIN64\include" /I"C:\Users\DEMO\Documents\Visual Studio 2015\Projects\shading\shading" /ZI /nologo /W3 /WX- /Od /D _DEBUG /D _WINDOWS /D _USRDLL /D SHADING_EXPORTS /D _WINDLL /D _UNICODE /D UNICODE /Gm /EHsc /RTC1 /MDd /GS /fp:precise /Zc:wchar_t /Zc:forScope /Zc:inline /Fo"x64\Debug\\" /Fd"x64\Debug\vc140.pdb" /Gd /TP /errorReport:prompt shading.cpp
         shading.cpp
     1>c:\users\demo\documents\visual studio 2015\projects\shading\shading\shading.cpp(18): warning C4305: 'initializing': truncation from 'double' to 'float'
     1>c:\users\demo\documents\visual studio 2015\projects\shading\shading\shading.cpp(36): warning C4244: '=': conversion from 'int' to 'float', possible loss of data
     1>c:\users\demo\documents\visual studio 2015\projects\shading\shading\shading.cpp(185): warning C4244: 'argument': conversion from 'double' to 'float', possible loss of data
     1>c:\users\demo\documents\visual studio 2015\projects\shading\shading\shading.cpp(214): warning C4244: 'argument': conversion from 'int' to 'float', possible loss of data
     1>c:\users\demo\documents\visual studio 2015\projects\shading\shading\shading.cpp(219): warning C4244: 'argument': conversion from 'int' to 'float', possible loss of data
     1>c:\users\demo\documents\visual studio 2015\projects\shading\shading\shading.cpp(225): warning C4244: 'argument': conversion from 'int' to 'float', possible loss of data
     1>c:\users\demo\documents\visual studio 2015\projects\shading\shading\shading.cpp(1079): warning C4305: 'argument': truncation from 'double' to 'float'
     1>c:\users\demo\documents\visual studio 2015\projects\shading\shading\shading.cpp(1079): warning C4244: 'argument': conversion from 'int' to 'float', possible loss of data
     1>c:\users\demo\documents\visual studio 2015\projects\shading\shading\shading.cpp(1082): warning C4244: 'argument': conversion from 'double' to 'int', possible loss of data
     1>c:\users\demo\documents\visual studio 2015\projects\shading\shading\shading.cpp(1086): warning C4305: 'argument': truncation from 'double' to 'float'
     1>c:\users\demo\documents\visual studio 2015\projects\shading\shading\shading.cpp(1086): warning C4244: 'argument': conversion from 'int' to 'float', possible loss of data
     1>c:\users\demo\documents\visual studio 2015\projects\shading\shading\shading.cpp(1069): warning C4101: 'h2': unreferenced local variable
     1>c:\users\demo\documents\visual studio 2015\projects\shading\shading\shading.cpp(1097): warning C4305: 'argument': truncation from 'double' to 'float'
     1>c:\users\demo\documents\visual studio 2015\projects\shading\shading\shading.cpp(1097): warning C4244: 'argument': conversion from 'int' to 'float', possible loss of data
     1>c:\users\demo\documents\visual studio 2015\projects\shading\shading\shading.cpp(1097): warning C4244: '=': conversion from 'double' to 'float', possible loss of data
     1>c:\users\demo\documents\visual studio 2015\projects\shading\shading\shading.cpp(1104): warning C4244: 'argument': conversion from 'int' to 'float', possible loss of data
     1>c:\users\demo\documents\visual studio 2015\projects\shading\shading\shading.cpp(1106): warning C4244: 'argument': conversion from 'int' to 'float', possible loss of data
     1>c:\users\demo\documents\visual studio 2015\projects\shading\shading\shading.cpp(1110): warning C4244: 'argument': conversion from 'float' to 'int', possible loss of data
     1>c:\users\demo\documents\visual studio 2015\projects\shading\shading\shading.cpp(1110): warning C4244: 'argument': conversion from 'double' to 'float', possible loss of data
     1>c:\users\demo\documents\visual studio 2015\projects\shading\shading\shading.cpp(1110): warning C4244: 'argument': conversion from 'int' to 'float', possible loss of data
     1>c:\users\demo\documents\visual studio 2015\projects\shading\shading\shading.cpp(1121): warning C4244: 'argument': conversion from 'float' to 'int', possible loss of data
     1>c:\users\demo\documents\visual studio 2015\projects\shading\shading\shading.cpp(1121): warning C4244: 'argument': conversion from 'double' to 'float', possible loss of data
     1>c:\users\demo\documents\visual studio 2015\projects\shading\shading\shading.cpp(1121): warning C4244: 'argument': conversion from 'int' to 'float', possible loss of data
     1>c:\users\demo\documents\visual studio 2015\projects\shading\shading\shading.cpp(1125): warning C4305: 'argument': truncation from 'double' to 'float'
     1>c:\users\demo\documents\visual studio 2015\projects\shading\shading\shading.cpp(1125): warning C4244: 'argument': conversion from 'int' to 'float', possible loss of data
     1>c:\users\demo\documents\visual studio 2015\projects\shading\shading\shading.cpp(1126): warning C4305: 'argument': truncation from 'double' to 'float'
     1>c:\users\demo\documents\visual studio 2015\projects\shading\shading\shading.cpp(1127): warning C4305: 'argument': truncation from 'double' to 'float'
     1>c:\users\demo\documents\visual studio 2015\projects\shading\shading\shading.cpp(1128): warning C4305: 'argument': truncation from 'double' to 'float'
     1>c:\users\demo\documents\visual studio 2015\projects\shading\shading\shading.cpp(1130): warning C4305: 'argument': truncation from 'double' to 'float'
     1>c:\users\demo\documents\visual studio 2015\projects\shading\shading\shading.cpp(1091): warning C4101: 'h2': unreferenced local variable
       Link:
         C:\Program Files (x86)\Microsoft Visual Studio 14.0\VC\bin\x86_amd64\link.exe /ERRORREPORT:PROMPT /OUT:"C:\Users\DEMO\documents\visual studio 2015\Projects\shading\x64\Debug\shading.dll" /INCREMENTAL /NOLOGO /LIBPATH:"C:\Users\DEMO\Documents\Visual Studio 2015\Projects\shading\glew-1.13.0\lib\Release\x64" /LIBPATH:"C:\Users\DEMO\Documents\Visual Studio 2015\Projects\shading\glew-1.13.0\bin\Release\x64" /LIBPATH:"C:\Users\DEMO\Documents\Visual Studio 2015\Projects\shading\glfw-3.1.2.bin.WIN64\lib-vc2015" opengl32.lib glfw3.lib kernel32.lib user32.lib gdi32.lib winspool.lib comdlg32.lib advapi32.lib shell32.lib ole32.lib oleaut32.lib uuid.lib odbc32.lib odbccp32.lib /MANIFEST /MANIFESTUAC:"level='asInvoker' uiAccess='false'" /manifest:embed /Debug /PDB:"C:\Users\DEMO\documents\visual studio 2015\Projects\shading\x64\Debug\shading.pdb" /SUBSYSTEM:CONSOLE /TLBID:1 /DYNAMICBASE /NXCOMPAT /IMPLIB:"C:\Users\DEMO\documents\visual studio 2015\Projects\shading\x64\Debug\shading.lib" /MACHINE:X64 /DLL x64\Debug\glew.obj
         x64\Debug\shading.obj
         shading.vcxproj -> C:\Users\DEMO\documents\visual studio 2015\Projects\shading\x64\Debug\shading.dll
     1>Done Building Project "C:\Users\DEMO\documents\visual studio 2015\Projects\shading\shading\shading.vcxproj" (Build target(s)).

Build succeeded.

Time Elapsed 00:00:00.93
